2020-11-22 13:25:28,442 INFO  [org.jboss.modules] (main) JBoss Modules version 1.10.1.Final
2020-11-22 13:25:33,891 INFO  [org.jboss.msc] (main) JBoss MSC version 1.4.11.Final
2020-11-22 13:25:33,900 INFO  [org.jboss.threads] (main) JBoss Threads version 2.3.3.Final
2020-11-22 13:25:34,029 INFO  [org.jboss.as] (MSC service thread 1-2) WFLYSRV0049: Keycloak 11.0.0 (WildFly Core 12.0.3.Final) starting
2020-11-22 13:25:34,031 DEBUG [org.jboss.as.config] (MSC service thread 1-2) Configured system properties:
	[Standalone] = 
	awt.toolkit = sun.lwawt.macosx.LWCToolkit
	file.encoding = UTF-8
	file.separator = /
	gopherProxySet = false
	java.awt.graphicsenv = sun.awt.CGraphicsEnvironment
	java.awt.headless = true
	java.awt.printerjob = sun.lwawt.macosx.CPrinterJob
	java.class.path = /Users/amtz/Documents/Projects/bmf/keycloak-11.0.0/jboss-modules.jar
	java.class.version = 55.0
	java.home = /Users/amtz/.sdkman/candidates/java/11.0.7-amzn
	java.io.tmpdir = /var/folders/m0/r52xgwj13dg1f_0_gyn0c9n80000gn/T/
	java.library.path = /Users/amtz/Library/Java/Extensions:/Library/Java/Extensions:/Network/Library/Java/Extensions:/System/Library/Java/Extensions:/usr/lib/java:.
	java.net.preferIPv4Stack = true
	java.runtime.name = OpenJDK Runtime Environment
	java.runtime.version = 11.0.7+10-LTS
	java.specification.name = Java Platform API Specification
	java.specification.vendor = Oracle Corporation
	java.specification.version = 11
	java.util.logging.manager = org.jboss.logmanager.LogManager
	java.vendor = Amazon.com Inc.
	java.vendor.url = https://aws.amazon.com/corretto/
	java.vendor.url.bug = https://github.com/corretto/corretto-11/issues/
	java.vendor.version = Corretto-11.0.7.10.1
	java.version = 11.0.7
	java.version.date = 2020-04-14
	java.vm.compressedOopsMode = Zero based
	java.vm.info = mixed mode
	java.vm.name = OpenJDK 64-Bit Server VM
	java.vm.specification.name = Java Virtual Machine Specification
	java.vm.specification.vendor = Oracle Corporation
	java.vm.specification.version = 11
	java.vm.vendor = Amazon.com Inc.
	java.vm.version = 11.0.7+10-LTS
	javax.management.builder.initial = org.jboss.as.jmx.PluggableMBeanServerBuilder
	jboss.home.dir = /Users/amtz/Documents/Projects/bmf/keycloak-11.0.0
	jboss.host.name = amtzs-macbook-pro
	jboss.modules.dir = /Users/amtz/Documents/Projects/bmf/keycloak-11.0.0/modules
	jboss.modules.system.pkgs = org.jboss.byteman
	jboss.node.name = amtzs-macbook-pro
	jboss.qualified.host.name = amtzs-macbook-pro.local
	jboss.server.base.dir = /Users/amtz/Documents/Projects/bmf/keycloak-11.0.0/standalone
	jboss.server.config.dir = /Users/amtz/Documents/Projects/bmf/keycloak-11.0.0/standalone/configuration
	jboss.server.data.dir = /Users/amtz/Documents/Projects/bmf/keycloak-11.0.0/standalone/data
	jboss.server.deploy.dir = /Users/amtz/Documents/Projects/bmf/keycloak-11.0.0/standalone/data/content
	jboss.server.log.dir = /Users/amtz/Documents/Projects/bmf/keycloak-11.0.0/standalone/log
	jboss.server.name = amtzs-macbook-pro
	jboss.server.persist.config = true
	jboss.server.temp.dir = /Users/amtz/Documents/Projects/bmf/keycloak-11.0.0/standalone/tmp
	jdk.debug = release
	line.separator = 

	logging.configuration = file:/Users/amtz/Documents/Projects/bmf/keycloak-11.0.0/standalone/configuration/logging.properties
	module.path = /Users/amtz/Documents/Projects/bmf/keycloak-11.0.0/modules
	org.jboss.boot.log.file = /Users/amtz/Documents/Projects/bmf/keycloak-11.0.0/standalone/log/server.log
	org.jboss.resolver.warning = true
	os.arch = x86_64
	os.name = Mac OS X
	os.version = 10.14.6
	path.separator = :
	sun.arch.data.model = 64
	sun.boot.library.path = /Users/amtz/.sdkman/candidates/java/11.0.7-amzn/lib
	sun.cpu.endian = little
	sun.cpu.isalist = 
	sun.io.unicode.encoding = UnicodeBig
	sun.java.command = /Users/amtz/Documents/Projects/bmf/keycloak-11.0.0/jboss-modules.jar -mp /Users/amtz/Documents/Projects/bmf/keycloak-11.0.0/modules org.jboss.as.standalone -Djboss.home.dir=/Users/amtz/Documents/Projects/bmf/keycloak-11.0.0 -Djboss.server.base.dir=/Users/amtz/Documents/Projects/bmf/keycloak-11.0.0/standalone
	sun.java.launcher = SUN_STANDARD
	sun.jnu.encoding = UTF-8
	sun.management.compiler = HotSpot 64-Bit Tiered Compilers
	sun.os.patch.level = unknown
	user.country = GB
	user.dir = /Users/amtz/Documents/Projects/bmf/keycloak-11.0.0/bin
	user.home = /Users/amtz
	user.language = en
	user.name = amtz
	user.timezone = Africa/Dar_es_Salaam
2020-11-22 13:25:34,033 DEBUG [org.jboss.as.config] (MSC service thread 1-2) VM Arguments: -D[Standalone] -Xms64m -Xmx512m -XX:MetaspaceSize=96M -XX:MaxMetaspaceSize=256m -Djava.net.preferIPv4Stack=true -Djboss.modules.system.pkgs=org.jboss.byteman -Djava.awt.headless=true --add-exports=java.base/sun.nio.ch=ALL-UNNAMED --add-exports=jdk.unsupported/sun.misc=ALL-UNNAMED --add-exports=jdk.unsupported/sun.reflect=ALL-UNNAMED -Dorg.jboss.boot.log.file=/Users/amtz/Documents/Projects/bmf/keycloak-11.0.0/standalone/log/server.log -Dlogging.configuration=file:/Users/amtz/Documents/Projects/bmf/keycloak-11.0.0/standalone/configuration/logging.properties 
2020-11-22 13:25:34,694 INFO  [org.wildfly.security] (ServerService Thread Pool -- 20) ELY00001: WildFly Elytron version 1.12.1.Final
2020-11-22 13:25:35,204 INFO  [org.jboss.as.controller.management-deprecated] (Controller Boot Thread) WFLYCTL0028: Attribute 'security-realm' in the resource at address '/core-service=management/management-interface=http-interface' is deprecated, and may be removed in a future version. See the attribute description in the output of the read-resource-description operation to learn more about the deprecation.
2020-11-22 13:25:35,223 INFO  [org.jboss.as.controller.management-deprecated] (ServerService Thread Pool -- 9) WFLYCTL0028: Attribute 'security-realm' in the resource at address '/subsystem=undertow/server=default-server/https-listener=https' is deprecated, and may be removed in a future version. See the attribute description in the output of the read-resource-description operation to learn more about the deprecation.
2020-11-22 13:25:35,314 INFO  [org.jboss.as.server] (Controller Boot Thread) WFLYSRV0039: Creating http management service using socket-binding (management-http)
2020-11-22 13:25:35,329 INFO  [org.xnio] (MSC service thread 1-3) XNIO version 3.8.1.Final
2020-11-22 13:25:35,335 INFO  [org.xnio.nio] (MSC service thread 1-3) XNIO NIO Implementation Version 3.8.1.Final
2020-11-22 13:25:35,354 INFO  [org.jboss.as.clustering.infinispan] (ServerService Thread Pool -- 37) WFLYCLINF0001: Activating Infinispan subsystem.
2020-11-22 13:25:35,357 INFO  [org.jboss.as.naming] (ServerService Thread Pool -- 43) WFLYNAM0001: Activating Naming Subsystem
2020-11-22 13:25:35,357 WARN  [org.jboss.as.txn] (ServerService Thread Pool -- 49) WFLYTX0013: The node-identifier attribute on the /subsystem=transactions is set to the default value. This is a danger for environments running multiple servers. Please make sure the attribute value is unique.
2020-11-22 13:25:35,356 INFO  [org.wildfly.extension.io] (ServerService Thread Pool -- 36) WFLYIO001: Worker 'default' has auto-configured to 16 IO threads with 128 max task threads based on your 8 available processors
2020-11-22 13:25:35,361 INFO  [org.wildfly.extension.microprofile.config.smallrye._private] (ServerService Thread Pool -- 51) WFLYCONF0001: Activating WildFly MicroProfile Config Subsystem
2020-11-22 13:25:35,371 INFO  [org.jboss.as.security] (ServerService Thread Pool -- 48) WFLYSEC0002: Activating Security Subsystem
2020-11-22 13:25:35,375 INFO  [org.jboss.as.security] (MSC service thread 1-2) WFLYSEC0001: Current PicketBox version=5.0.3.Final-redhat-00005
2020-11-22 13:25:35,377 INFO  [org.wildfly.extension.microprofile.health.smallrye] (ServerService Thread Pool -- 52) WFLYHEALTH0001: Activating Eclipse MicroProfile Health Subsystem
2020-11-22 13:25:35,378 INFO  [org.jboss.as.jaxrs] (ServerService Thread Pool -- 38) WFLYRS0016: RESTEasy version 3.12.1.Final
2020-11-22 13:25:35,388 INFO  [org.wildfly.extension.microprofile.metrics.smallrye] (ServerService Thread Pool -- 53) WFLYMETRICS0001: Activating Eclipse MicroProfile Metrics Subsystem
2020-11-22 13:25:35,400 INFO  [org.wildfly.extension.undertow] (MSC service thread 1-1) WFLYUT0003: Undertow 2.1.3.Final starting
2020-11-22 13:25:35,402 INFO  [org.jboss.as.connector] (MSC service thread 1-2) WFLYJCA0009: Starting JCA Subsystem (WildFly/IronJacamar 1.4.22.Final)
2020-11-22 13:25:35,461 INFO  [org.jboss.as.mail.extension] (MSC service thread 1-1) WFLYMAIL0001: Bound mail session [java:jboss/mail/Default]
2020-11-22 13:25:35,451 INFO  [org.jboss.as.connector.subsystems.datasources] (ServerService Thread Pool -- 32) WFLYJCA0005: Deploying non-JDBC-compliant driver class org.postgresql.Driver (version 42.2)
2020-11-22 13:25:35,468 WARN  [org.wildfly.clustering.web.undertow] (ServerService Thread Pool -- 54) WFLYCLWEBUT0007: No routing provider found for default-server; using legacy provider based on static configuration
2020-11-22 13:25:35,456 INFO  [org.jboss.as.naming] (MSC service thread 1-6) WFLYNAM0003: Starting Naming Service
2020-11-22 13:25:35,483 INFO  [org.jboss.as.connector.subsystems.datasources] (ServerService Thread Pool -- 32) WFLYJCA0004: Deploying JDBC-compliant driver class org.h2.Driver (version 1.4)
2020-11-22 13:25:35,487 INFO  [org.jboss.remoting] (MSC service thread 1-1) JBoss Remoting version 5.0.18.Final
2020-11-22 13:25:35,482 INFO  [org.jboss.as.connector.deployers.jdbc] (MSC service thread 1-5) WFLYJCA0018: Started Driver service with driver-name = postgresql
2020-11-22 13:25:35,494 INFO  [org.jboss.as.connector.deployers.jdbc] (MSC service thread 1-5) WFLYJCA0018: Started Driver service with driver-name = h2
2020-11-22 13:25:35,518 INFO  [org.wildfly.extension.undertow] (ServerService Thread Pool -- 54) WFLYUT0014: Creating file handler for path '/Users/amtz/Documents/Projects/bmf/keycloak-11.0.0/welcome-content' with options [directory-listing: 'false', follow-symlink: 'false', case-sensitive: 'true', safe-symlink-paths: '[]']
2020-11-22 13:25:35,554 INFO  [org.wildfly.extension.undertow] (MSC service thread 1-1) WFLYUT0012: Started server default-server.
2020-11-22 13:25:35,558 INFO  [org.wildfly.extension.undertow] (MSC service thread 1-8) WFLYUT0018: Host default-host starting
2020-11-22 13:25:35,567 INFO  [org.jboss.as.ejb3] (MSC service thread 1-4) WFLYEJB0481: Strict pool slsb-strict-max-pool is using a max instance size of 128 (per class), which is derived from thread worker pool sizing.
2020-11-22 13:25:35,567 INFO  [org.jboss.as.ejb3] (MSC service thread 1-3) WFLYEJB0482: Strict pool mdb-strict-max-pool is using a max instance size of 32 (per class), which is derived from the number of CPUs on this host.
2020-11-22 13:25:35,643 INFO  [org.wildfly.extension.undertow] (MSC service thread 1-7) WFLYUT0006: Undertow HTTP listener default listening on 127.0.0.1:9080
2020-11-22 13:25:35,661 INFO  [org.jboss.as.ejb3] (MSC service thread 1-7) WFLYEJB0493: EJB subsystem suspension complete
2020-11-22 13:25:35,730 INFO  [org.jboss.as.connector.subsystems.datasources] (MSC service thread 1-6) WFLYJCA0001: Bound data source [java:jboss/datasources/ExampleDS]
2020-11-22 13:25:35,725 INFO  [org.jboss.as.connector.subsystems.datasources] (MSC service thread 1-4) WFLYJCA0001: Bound data source [java:jboss/datasources/KeycloakDS]
2020-11-22 13:25:35,805 INFO  [org.jboss.as.patching] (MSC service thread 1-2) WFLYPAT0050: Keycloak cumulative patch ID is: base, one-off patches include: none
2020-11-22 13:25:35,813 WARN  [org.jboss.as.domain.management.security] (MSC service thread 1-2) WFLYDM0111: Keystore /Users/amtz/Documents/Projects/bmf/keycloak-11.0.0/standalone/configuration/application.keystore not found, it will be auto generated on first use with a self signed certificate for host localhost
2020-11-22 13:25:35,817 INFO  [org.jboss.as.server.deployment.scanner] (MSC service thread 1-2) WFLYDS0013: Started FileSystemDeploymentService for directory /Users/amtz/Documents/Projects/bmf/keycloak-11.0.0/standalone/deployments
2020-11-22 13:25:35,833 INFO  [org.jboss.as.server.deployment] (MSC service thread 1-6) WFLYSRV0027: Starting deployment of "keycloak-server.war" (runtime-name: "keycloak-server.war")
2020-11-22 13:25:35,883 INFO  [org.wildfly.extension.undertow] (MSC service thread 1-4) WFLYUT0006: Undertow HTTPS listener https listening on 127.0.0.1:9443
2020-11-22 13:25:36,454 INFO  [org.infinispan.PERSISTENCE] (MSC service thread 1-8) ISPN000556: Starting user marshaller 'org.wildfly.clustering.infinispan.marshalling.jboss.JBossMarshaller'
2020-11-22 13:25:36,455 INFO  [org.infinispan.PERSISTENCE] (MSC service thread 1-2) ISPN000556: Starting user marshaller 'org.wildfly.clustering.infinispan.marshalling.jboss.JBossMarshaller'
2020-11-22 13:25:36,472 INFO  [org.infinispan.CONTAINER] (MSC service thread 1-8) ISPN000128: Infinispan version: Infinispan 'Turia' 10.1.8.Final
2020-11-22 13:25:36,670 INFO  [org.jboss.as.clustering.infinispan] (ServerService Thread Pool -- 56) WFLYCLINF0002: Started client-mappings cache from ejb container
2020-11-22 13:25:36,704 INFO  [org.jboss.as.clustering.infinispan] (ServerService Thread Pool -- 62) WFLYCLINF0002: Started sessions cache from keycloak container
2020-11-22 13:25:36,704 INFO  [org.jboss.as.clustering.infinispan] (ServerService Thread Pool -- 68) WFLYCLINF0002: Started actionTokens cache from keycloak container
2020-11-22 13:25:36,704 INFO  [org.jboss.as.clustering.infinispan] (ServerService Thread Pool -- 63) WFLYCLINF0002: Started clientSessions cache from keycloak container
2020-11-22 13:25:36,704 INFO  [org.jboss.as.clustering.infinispan] (ServerService Thread Pool -- 65) WFLYCLINF0002: Started loginFailures cache from keycloak container
2020-11-22 13:25:36,704 INFO  [org.jboss.as.clustering.infinispan] (ServerService Thread Pool -- 59) WFLYCLINF0002: Started authenticationSessions cache from keycloak container
2020-11-22 13:25:36,707 INFO  [org.jboss.as.clustering.infinispan] (ServerService Thread Pool -- 60) WFLYCLINF0002: Started offlineSessions cache from keycloak container
2020-11-22 13:25:36,707 INFO  [org.jboss.as.clustering.infinispan] (ServerService Thread Pool -- 61) WFLYCLINF0002: Started work cache from keycloak container
2020-11-22 13:25:36,708 INFO  [org.jboss.as.clustering.infinispan] (ServerService Thread Pool -- 64) WFLYCLINF0002: Started offlineClientSessions cache from keycloak container
2020-11-22 13:25:36,737 INFO  [org.jboss.as.clustering.infinispan] (ServerService Thread Pool -- 57) WFLYCLINF0002: Started keys cache from keycloak container
2020-11-22 13:25:36,737 INFO  [org.jboss.as.clustering.infinispan] (ServerService Thread Pool -- 58) WFLYCLINF0002: Started users cache from keycloak container
2020-11-22 13:25:36,737 INFO  [org.jboss.as.clustering.infinispan] (ServerService Thread Pool -- 67) WFLYCLINF0002: Started realms cache from keycloak container
2020-11-22 13:25:36,737 INFO  [org.jboss.as.clustering.infinispan] (ServerService Thread Pool -- 66) WFLYCLINF0002: Started authorization cache from keycloak container
2020-11-22 13:25:36,837 WARN  [org.jboss.as.server.deployment] (MSC service thread 1-1) WFLYSRV0273: Excluded subsystem webservices via jboss-deployment-structure.xml does not exist.
2020-11-22 13:25:37,390 INFO  [org.keycloak.services] (ServerService Thread Pool -- 66) KC-SERVICES0001: Loading config from standalone.xml or domain.xml
2020-11-22 13:25:37,707 INFO  [org.keycloak.url.DefaultHostnameProviderFactory] (ServerService Thread Pool -- 66) Frontend: <request>, Admin: <frontend>, Backend: <request>
2020-11-22 13:25:37,849 INFO  [org.jboss.as.clustering.infinispan] (ServerService Thread Pool -- 66) WFLYCLINF0002: Started realmRevisions cache from keycloak container
2020-11-22 13:25:37,851 INFO  [org.jboss.as.clustering.infinispan] (ServerService Thread Pool -- 66) WFLYCLINF0002: Started userRevisions cache from keycloak container
2020-11-22 13:25:37,854 INFO  [org.jboss.as.clustering.infinispan] (ServerService Thread Pool -- 66) WFLYCLINF0002: Started authorizationRevisions cache from keycloak container
2020-11-22 13:25:37,855 INFO  [org.keycloak.connections.infinispan.DefaultInfinispanConnectionProviderFactory] (ServerService Thread Pool -- 66) Node name: amtzs-macbook-pro, Site name: null
2020-11-22 13:25:40,255 INFO  [org.hibernate.jpa.internal.util.LogHelper] (ServerService Thread Pool -- 66) HHH000204: Processing PersistenceUnitInfo [
	name: keycloak-default
	...]
2020-11-22 13:25:40,328 INFO  [org.hibernate.Version] (ServerService Thread Pool -- 66) HHH000412: Hibernate Core {5.3.17.Final}
2020-11-22 13:25:40,329 INFO  [org.hibernate.cfg.Environment] (ServerService Thread Pool -- 66) HHH000206: hibernate.properties not found
2020-11-22 13:25:40,498 INFO  [org.hibernate.annotations.common.Version] (ServerService Thread Pool -- 66) HCANN000001: Hibernate Commons Annotations {5.0.5.Final}
2020-11-22 13:25:40,663 INFO  [org.hibernate.dialect.Dialect] (ServerService Thread Pool -- 66) HHH000400: Using dialect: org.hibernate.dialect.PostgreSQL95Dialect
2020-11-22 13:25:40,761 INFO  [org.hibernate.engine.jdbc.env.internal.LobCreatorBuilderImpl] (ServerService Thread Pool -- 66) HHH000424: Disabling contextual LOB creation as createClob() method threw error : java.lang.reflect.InvocationTargetException
2020-11-22 13:25:40,765 INFO  [org.hibernate.type.BasicTypeRegistry] (ServerService Thread Pool -- 66) HHH000270: Type registration [java.util.UUID] overrides previous : org.hibernate.type.UUIDBinaryType@2d227b0c
2020-11-22 13:25:40,770 INFO  [org.hibernate.envers.boot.internal.EnversServiceImpl] (ServerService Thread Pool -- 66) Envers integration enabled? : true
2020-11-22 13:25:41,228 INFO  [org.hibernate.orm.beans] (ServerService Thread Pool -- 66) HHH10005002: No explicit CDI BeanManager reference was passed to Hibernate, but CDI is available on the Hibernate ClassLoader.
2020-11-22 13:25:41,286 INFO  [org.hibernate.validator.internal.util.Version] (ServerService Thread Pool -- 66) HV000001: Hibernate Validator 6.0.20.Final
2020-11-22 13:25:42,423 INFO  [org.hibernate.hql.internal.QueryTranslatorFactoryInitiator] (ServerService Thread Pool -- 66) HHH000397: Using ASTQueryTranslatorFactory
2020-11-22 13:25:43,915 INFO  [org.jboss.resteasy.resteasy_jaxrs.i18n] (ServerService Thread Pool -- 66) RESTEASY002225: Deploying javax.ws.rs.core.Application: class org.keycloak.services.resources.KeycloakApplication
2020-11-22 13:25:43,917 INFO  [org.jboss.resteasy.resteasy_jaxrs.i18n] (ServerService Thread Pool -- 66) RESTEASY002200: Adding class resource org.keycloak.services.resources.ThemeResource from Application class org.keycloak.services.resources.KeycloakApplication
2020-11-22 13:25:43,918 INFO  [org.jboss.resteasy.resteasy_jaxrs.i18n] (ServerService Thread Pool -- 66) RESTEASY002205: Adding provider class org.keycloak.services.filters.KeycloakSecurityHeadersFilter from Application class org.keycloak.services.resources.KeycloakApplication
2020-11-22 13:25:43,918 INFO  [org.jboss.resteasy.resteasy_jaxrs.i18n] (ServerService Thread Pool -- 66) RESTEASY002200: Adding class resource org.keycloak.services.resources.JsResource from Application class org.keycloak.services.resources.KeycloakApplication
2020-11-22 13:25:43,919 INFO  [org.jboss.resteasy.resteasy_jaxrs.i18n] (ServerService Thread Pool -- 66) RESTEASY002205: Adding provider class org.keycloak.services.error.KeycloakErrorHandler from Application class org.keycloak.services.resources.KeycloakApplication
2020-11-22 13:25:43,919 INFO  [org.jboss.resteasy.resteasy_jaxrs.i18n] (ServerService Thread Pool -- 66) RESTEASY002220: Adding singleton resource org.keycloak.services.resources.RobotsResource from Application class org.keycloak.services.resources.KeycloakApplication
2020-11-22 13:25:43,919 INFO  [org.jboss.resteasy.resteasy_jaxrs.i18n] (ServerService Thread Pool -- 66) RESTEASY002210: Adding provider singleton org.keycloak.services.util.ObjectMapperResolver from Application class org.keycloak.services.resources.KeycloakApplication
2020-11-22 13:25:43,919 INFO  [org.jboss.resteasy.resteasy_jaxrs.i18n] (ServerService Thread Pool -- 66) RESTEASY002220: Adding singleton resource org.keycloak.services.resources.admin.AdminRoot from Application class org.keycloak.services.resources.KeycloakApplication
2020-11-22 13:25:43,919 INFO  [org.jboss.resteasy.resteasy_jaxrs.i18n] (ServerService Thread Pool -- 66) RESTEASY002220: Adding singleton resource org.keycloak.services.resources.WelcomeResource from Application class org.keycloak.services.resources.KeycloakApplication
2020-11-22 13:25:43,919 INFO  [org.jboss.resteasy.resteasy_jaxrs.i18n] (ServerService Thread Pool -- 66) RESTEASY002220: Adding singleton resource org.keycloak.services.resources.RealmsResource from Application class org.keycloak.services.resources.KeycloakApplication
2020-11-22 13:25:43,996 INFO  [org.wildfly.extension.undertow] (ServerService Thread Pool -- 66) WFLYUT0021: Registered web context: '/auth' for server 'default-server'
2020-11-22 13:25:44,058 INFO  [org.jboss.as.server] (ServerService Thread Pool -- 55) WFLYSRV0010: Deployed "keycloak-server.war" (runtime-name : "keycloak-server.war")
2020-11-22 13:25:44,095 INFO  [org.jboss.as.server] (Controller Boot Thread) WFLYSRV0212: Resuming server
2020-11-22 13:25:44,098 INFO  [org.jboss.as] (Controller Boot Thread) WFLYSRV0025: Keycloak 11.0.0 (WildFly Core 12.0.3.Final) started in 16071ms - Started 589 of 887 services (601 services are lazy, passive or on-demand)
2020-11-22 13:25:44,100 INFO  [org.jboss.as] (Controller Boot Thread) WFLYSRV0060: Http management interface listening on http://127.0.0.1:9990/management
2020-11-22 13:25:44,100 INFO  [org.jboss.as] (Controller Boot Thread) WFLYSRV0051: Admin console listening on http://127.0.0.1:9990
2020-11-22 22:48:04,652 INFO  [org.jboss.as.server] (Thread-1) WFLYSRV0272: Suspending server
2020-11-22 22:48:04,683 INFO  [org.jboss.as.ejb3] (Thread-1) WFLYEJB0493: EJB subsystem suspension complete
2020-11-22 22:48:04,686 INFO  [org.jboss.as.server] (Thread-1) WFLYSRV0220: Server shutdown has been requested via an OS signal
2020-11-22 22:48:04,714 INFO  [org.jboss.as.connector.subsystems.datasources] (MSC service thread 1-1) WFLYJCA0010: Unbound data source [java:jboss/datasources/KeycloakDS]
2020-11-22 22:48:04,722 INFO  [org.jboss.as.mail.extension] (MSC service thread 1-5) WFLYMAIL0002: Unbound mail session [java:jboss/mail/Default]
2020-11-22 22:48:04,729 INFO  [org.wildfly.extension.undertow] (MSC service thread 1-6) WFLYUT0008: Undertow HTTPS listener https suspending
2020-11-22 22:48:04,740 INFO  [org.wildfly.extension.undertow] (ServerService Thread Pool -- 66) WFLYUT0022: Unregistered web context: '/auth' from server 'default-server'
2020-11-22 22:48:04,746 INFO  [org.wildfly.extension.undertow] (MSC service thread 1-6) WFLYUT0007: Undertow HTTPS listener https stopped, was bound to 127.0.0.1:9443
2020-11-22 22:48:04,748 INFO  [org.jboss.as.connector.deployers.jdbc] (MSC service thread 1-7) WFLYJCA0019: Stopped Driver service with driver-name = postgresql
2020-11-22 22:48:04,776 INFO  [org.jboss.as.connector.subsystems.datasources] (MSC service thread 1-8) WFLYJCA0010: Unbound data source [java:jboss/datasources/ExampleDS]
2020-11-22 22:48:04,776 INFO  [org.wildfly.extension.undertow] (MSC service thread 1-3) WFLYUT0019: Host default-host stopping
2020-11-22 22:48:04,778 INFO  [org.jboss.as.connector.deployers.jdbc] (MSC service thread 1-4) WFLYJCA0019: Stopped Driver service with driver-name = h2
2020-11-22 22:48:04,810 INFO  [org.jboss.as.clustering.infinispan] (ServerService Thread Pool -- 66) WFLYCLINF0003: Stopped authenticationSessions cache from keycloak container
2020-11-22 22:48:04,810 INFO  [org.jboss.as.clustering.infinispan] (ServerService Thread Pool -- 79) WFLYCLINF0003: Stopped authorization cache from keycloak container
2020-11-22 22:48:04,812 INFO  [org.jboss.as.clustering.infinispan] (ServerService Thread Pool -- 82) WFLYCLINF0003: Stopped sessions cache from keycloak container
2020-11-22 22:48:04,812 INFO  [org.jboss.as.clustering.infinispan] (ServerService Thread Pool -- 78) WFLYCLINF0003: Stopped keys cache from keycloak container
2020-11-22 22:48:04,812 INFO  [org.jboss.as.clustering.infinispan] (ServerService Thread Pool -- 81) WFLYCLINF0003: Stopped actionTokens cache from keycloak container
2020-11-22 22:48:04,813 INFO  [org.jboss.as.clustering.infinispan] (ServerService Thread Pool -- 72) WFLYCLINF0003: Stopped clientSessions cache from keycloak container
2020-11-22 22:48:04,813 INFO  [org.jboss.as.clustering.infinispan] (ServerService Thread Pool -- 74) WFLYCLINF0003: Stopped loginFailures cache from keycloak container
2020-11-22 22:48:04,810 INFO  [org.jboss.as.clustering.infinispan] (ServerService Thread Pool -- 80) WFLYCLINF0003: Stopped work cache from keycloak container
2020-11-22 22:48:04,816 INFO  [org.jboss.as.clustering.infinispan] (ServerService Thread Pool -- 76) WFLYCLINF0003: Stopped offlineClientSessions cache from keycloak container
2020-11-22 22:48:04,816 INFO  [org.jboss.as.clustering.infinispan] (ServerService Thread Pool -- 77) WFLYCLINF0003: Stopped offlineSessions cache from keycloak container
2020-11-22 22:48:04,819 INFO  [org.wildfly.extension.undertow] (MSC service thread 1-5) WFLYUT0008: Undertow HTTP listener default suspending
2020-11-22 22:48:04,820 INFO  [org.wildfly.extension.undertow] (MSC service thread 1-5) WFLYUT0007: Undertow HTTP listener default stopped, was bound to 127.0.0.1:9080
2020-11-22 22:48:04,821 INFO  [org.jboss.as.clustering.infinispan] (ServerService Thread Pool -- 72) WFLYCLINF0003: Stopped client-mappings cache from ejb container
2020-11-22 22:48:04,824 INFO  [org.wildfly.extension.undertow] (MSC service thread 1-4) WFLYUT0004: Undertow 2.1.3.Final stopping
2020-11-22 22:48:04,822 INFO  [org.jboss.as.clustering.infinispan] (ServerService Thread Pool -- 71) WFLYCLINF0003: Stopped users cache from keycloak container
2020-11-22 22:48:04,827 INFO  [org.infinispan.manager.DefaultCacheManager] (MSC service thread 1-5) Stopping cache manager null on null
2020-11-22 22:48:04,830 INFO  [org.jboss.as.clustering.infinispan] (ServerService Thread Pool -- 75) WFLYCLINF0003: Stopped realms cache from keycloak container
2020-11-22 22:48:04,832 INFO  [org.infinispan.manager.DefaultCacheManager] (MSC service thread 1-3) Stopping cache manager null on null
2020-11-22 22:48:04,836 INFO  [org.jboss.as.server.deployment] (MSC service thread 1-5) WFLYSRV0028: Stopped deployment keycloak-server.war (runtime-name: keycloak-server.war) in 143ms
2020-11-22 22:48:04,849 INFO  [org.jboss.as] (MSC service thread 1-8) WFLYSRV0050: Keycloak 11.0.0 (WildFly Core 12.0.3.Final) stopped in 157ms
